[0.038s] Invoking command in '/home/cporeddy/ros2_ws/build/custom_rviz_plugin': CMAKE_PREFIX_PATH=/opt/ros/humble /usr/bin/cmake /home/cporeddy/ros2_ws/custom_rviz_plugin -DCMAKE_INSTALL_PREFIX=/home/cporeddy/ros2_ws/install/custom_rviz_plugin
[0.570s] -- The C compiler identification is GNU 11.4.0
[2.149s] -- The CXX compiler identification is GNU 11.4.0
[3.263s] -- Detecting C compiler ABI info
[3.656s] -- Detecting C compiler ABI info - done
[3.668s] -- Check for working C compiler: /usr/bin/cc - skipped
[3.676s] -- Detecting C compile features
[3.677s] -- Detecting C compile features - done
[3.686s] -- Detecting CXX compiler ABI info
[4.108s] -- Detecting CXX compiler ABI info - done
[4.121s] -- Check for working CXX compiler: /usr/bin/c++ - skipped
[4.121s] -- Detecting CXX compile features
[4.122s] -- Detecting CXX compile features - done
[4.146s] -- Found ament_cmake: 1.3.10 (/opt/ros/humble/share/ament_cmake/cmake)
[4.431s] -- Found Python3: /usr/bin/python3 (found version "3.10.12") found components: Interpreter 
[4.639s] -- Found rviz_common: 11.2.13 (/opt/ros/humble/share/rviz_common/cmake)
[5.152s] -- Setting assimp_DIR to: '/opt/ros/humble/share/rviz_assimp_vendor/cmake/../../../opt/rviz_assimp_vendor/lib/cmake/assimp-4.1'
[5.162s] -- Setting OGRE_DIR to: '/opt/ros/humble/share/rviz_ogre_vendor/cmake/../../../opt/rviz_ogre_vendor/lib/OGRE/cmake'
[5.167s] -- Found OGRE
[5.167s] --   static     : OFF
[5.167s] --   components : HLMS;MeshLodGenerator;Overlay;Paging;Property;RTShaderSystem;Terrain;Volume
[5.167s] --   plugins    : Plugin_BSPSceneManager;Plugin_OctreeSceneManager;Plugin_PCZSceneManager;Plugin_ParticleFX;RenderSystem_GL;RenderSystem_GL3Plus;Codec_STBI
[5.168s] --   media      : /opt/ros/humble/opt/rviz_ogre_vendor/share/OGRE/Media
[5.168s] -- OGRE_LIBRARIES: OgreHLMS;OgreMeshLodGenerator;OgreOverlay;OgrePaging;OgreProperty;OgreRTShaderSystem;OgreTerrain;OgreVolume;OgreMain
[5.168s] -- OGRE_LIBRARY_DIRS: /opt/ros/humble/opt/rviz_ogre_vendor/lib
[5.169s] -- OGRE_PLUGINS: Plugin_BSPSceneManager;Plugin_OctreeSceneManager;Plugin_PCZSceneManager;Plugin_ParticleFX;RenderSystem_GL;RenderSystem_GL3Plus;Codec_STBI
[5.169s] -- OGRE_PLUGIN_DIR: /opt/ros/humble/opt/rviz_ogre_vendor/lib/OGRE
[5.172s] -- rviz_ogre_vendor::OgreOverlay for IMPORTED_LOCATION_RELEASE: /opt/ros/humble/opt/rviz_ogre_vendor/lib/libOgreOverlay.so
[5.172s] -- rviz_ogre_vendor::OgreOverlay for IMPORTED_LOCATION_DEBUG: /opt/ros/humble/opt/rviz_ogre_vendor/lib/libOgreOverlay.so
[5.172s] -- rviz_ogre_vendor::OgreMain for IMPORTED_LOCATION_RELEASE: /opt/ros/humble/opt/rviz_ogre_vendor/lib/libOgreMain.so
[5.172s] -- rviz_ogre_vendor::OgreMain for IMPORTED_LOCATION_DEBUG: /opt/ros/humble/opt/rviz_ogre_vendor/lib/libOgreMain.so
[5.297s] -- Could not find freeimage library
[9.345s] -- Found ZLIB: /usr/lib/x86_64-linux-gnu/libz.so (found version "1.2.11") 
[10.996s] -- Found OpenGL: /usr/lib/x86_64-linux-gnu/libOpenGL.so   
[20.597s] -- Found X11: /usr/include   
[20.606s] -- Looking for XOpenDisplay in /usr/lib/x86_64-linux-gnu/libX11.so;/usr/lib/x86_64-linux-gnu/libXext.so
[21.018s] -- Looking for XOpenDisplay in /usr/lib/x86_64-linux-gnu/libX11.so;/usr/lib/x86_64-linux-gnu/libXext.so - found
[21.020s] -- Looking for gethostbyname
[21.408s] -- Looking for gethostbyname - found
[21.408s] -- Looking for connect
[21.770s] -- Looking for connect - found
[21.770s] -- Looking for remove
[22.161s] -- Looking for remove - found
[22.162s] -- Looking for shmat
[22.504s] -- Looking for shmat - found
[22.504s] -- Looking for IceConnectionNumber in ICE
[22.860s] -- Looking for IceConnectionNumber in ICE - found
[24.789s] -- library: /usr/lib/x86_64-linux-gnu/libcurl.so
[25.019s] -- Found rosidl_generator_c: 3.1.5 (/opt/ros/humble/share/rosidl_generator_c/cmake)
[25.035s] -- Found rosidl_adapter: 3.1.5 (/opt/ros/humble/share/rosidl_adapter/cmake)
[25.063s] -- Found rosidl_generator_cpp: 3.1.5 (/opt/ros/humble/share/rosidl_generator_cpp/cmake)
[25.104s] -- Using all available rosidl_typesupport_c: rosidl_typesupport_fastrtps_c;rosidl_typesupport_introspection_c
[25.152s] -- Using all available rosidl_typesupport_cpp: rosidl_typesupport_fastrtps_cpp;rosidl_typesupport_introspection_cpp
[26.998s] -- Found rmw_implementation_cmake: 6.1.2 (/opt/ros/humble/share/rmw_implementation_cmake/cmake)
[27.006s] -- Found rmw_fastrtps_cpp: 6.2.7 (/opt/ros/humble/share/rmw_fastrtps_cpp/cmake)
[27.081s] -- Found TinyXML2 via Config file: TinyXML2_DIR-NOTFOUND
[27.168s] -- Found OpenSSL: /usr/lib/x86_64-linux-gnu/libcrypto.so (found version "3.0.2")  
[27.176s] -- Found TinyXML2 via Config file: TinyXML2_DIR-NOTFOUND
[27.695s] -- Found FastRTPS: /opt/ros/humble/include  
[27.707s] -- Found TinyXML2 via Config file: TinyXML2_DIR-NOTFOUND
[27.725s] -- Found TinyXML2 via Config file: TinyXML2_DIR-NOTFOUND
[27.981s] -- Using RMW implementation 'rmw_fastrtps_cpp' as default
[28.013s] -- Looking for pthread.h
[28.365s] -- Looking for pthread.h - found
[28.366s] -- Performing Test CMAKE_HAVE_LIBC_PTHREAD
[28.710s] -- Performing Test CMAKE_HAVE_LIBC_PTHREAD - Success
[28.712s] -- Found Threads: TRUE  
[29.042s] -- Found Eigen3: TRUE (found version "3.4.0") 
[29.042s] -- Ensuring Eigen3 include directory is part of orocos-kdl CMake target
[29.460s] -- Configuring done
[29.525s] -- Generating done
[29.529s] -- Build files have been written to: /home/cporeddy/ros2_ws/build/custom_rviz_plugin
[29.566s] Invoked command in '/home/cporeddy/ros2_ws/build/custom_rviz_plugin' returned '0': CMAKE_PREFIX_PATH=/opt/ros/humble /usr/bin/cmake /home/cporeddy/ros2_ws/custom_rviz_plugin -DCMAKE_INSTALL_PREFIX=/home/cporeddy/ros2_ws/install/custom_rviz_plugin
[29.567s] Invoking command in '/home/cporeddy/ros2_ws/build/custom_rviz_plugin': CMAKE_PREFIX_PATH=/opt/ros/humble /usr/bin/cmake --build /home/cporeddy/ros2_ws/build/custom_rviz_plugin -- -j16 -l16
[29.646s] [ 50%] [32mBuilding CXX object CMakeFiles/custom_rviz_plugin.dir/src/custom_plugin.cpp.o[0m
[32.368s] [100%] [32m[1mLinking CXX shared library libcustom_rviz_plugin.so[0m
[33.376s] [100%] Built target custom_rviz_plugin
[33.396s] Invoked command in '/home/cporeddy/ros2_ws/build/custom_rviz_plugin' returned '0': CMAKE_PREFIX_PATH=/opt/ros/humble /usr/bin/cmake --build /home/cporeddy/ros2_ws/build/custom_rviz_plugin -- -j16 -l16
[33.442s] Invoking command in '/home/cporeddy/ros2_ws/build/custom_rviz_plugin': CMAKE_PREFIX_PATH=/opt/ros/humble /usr/bin/cmake --install /home/cporeddy/ros2_ws/build/custom_rviz_plugin
[33.453s] -- Install configuration: ""
[33.454s] -- Installing: /home/cporeddy/ros2_ws/install/custom_rviz_plugin/share/custom_rviz_plugin/plugin_description.xml
[33.456s] -- Installing: /home/cporeddy/ros2_ws/install/custom_rviz_plugin/lib/custom_rviz_plugin/libcustom_rviz_plugin.so
[33.457s] -- Set runtime path of "/home/cporeddy/ros2_ws/install/custom_rviz_plugin/lib/custom_rviz_plugin/libcustom_rviz_plugin.so" to ""
[33.457s] -- Up-to-date: /home/cporeddy/ros2_ws/install/custom_rviz_plugin/share/custom_rviz_plugin/plugin_description.xml
[33.458s] -- Installing: /home/cporeddy/ros2_ws/install/custom_rviz_plugin/share/ament_index/resource_index/package_run_dependencies/custom_rviz_plugin
[33.459s] -- Installing: /home/cporeddy/ros2_ws/install/custom_rviz_plugin/share/ament_index/resource_index/parent_prefix_path/custom_rviz_plugin
[33.460s] -- Installing: /home/cporeddy/ros2_ws/install/custom_rviz_plugin/share/custom_rviz_plugin/environment/ament_prefix_path.sh
[33.461s] -- Installing: /home/cporeddy/ros2_ws/install/custom_rviz_plugin/share/custom_rviz_plugin/environment/ament_prefix_path.dsv
[33.461s] -- Installing: /home/cporeddy/ros2_ws/install/custom_rviz_plugin/share/custom_rviz_plugin/environment/path.sh
[33.461s] -- Installing: /home/cporeddy/ros2_ws/install/custom_rviz_plugin/share/custom_rviz_plugin/environment/path.dsv
[33.462s] -- Installing: /home/cporeddy/ros2_ws/install/custom_rviz_plugin/share/custom_rviz_plugin/local_setup.bash
[33.462s] -- Installing: /home/cporeddy/ros2_ws/install/custom_rviz_plugin/share/custom_rviz_plugin/local_setup.sh
[33.463s] -- Installing: /home/cporeddy/ros2_ws/install/custom_rviz_plugin/share/custom_rviz_plugin/local_setup.zsh
[33.463s] -- Installing: /home/cporeddy/ros2_ws/install/custom_rviz_plugin/share/custom_rviz_plugin/local_setup.dsv
[33.464s] -- Installing: /home/cporeddy/ros2_ws/install/custom_rviz_plugin/share/custom_rviz_plugin/package.dsv
[33.464s] -- Installing: /home/cporeddy/ros2_ws/install/custom_rviz_plugin/share/ament_index/resource_index/packages/custom_rviz_plugin
[33.465s] -- Installing: /home/cporeddy/ros2_ws/install/custom_rviz_plugin/share/ament_index/resource_index/rviz_common__pluginlib__plugin/custom_rviz_plugin
[33.466s] -- Installing: /home/cporeddy/ros2_ws/install/custom_rviz_plugin/share/custom_rviz_plugin/cmake/custom_rviz_pluginConfig.cmake
[33.466s] -- Installing: /home/cporeddy/ros2_ws/install/custom_rviz_plugin/share/custom_rviz_plugin/cmake/custom_rviz_pluginConfig-version.cmake
[33.467s] -- Installing: /home/cporeddy/ros2_ws/install/custom_rviz_plugin/share/custom_rviz_plugin/package.xml
[33.471s] Invoked command in '/home/cporeddy/ros2_ws/build/custom_rviz_plugin' returned '0': CMAKE_PREFIX_PATH=/opt/ros/humble /usr/bin/cmake --install /home/cporeddy/ros2_ws/build/custom_rviz_plugin
