[0.471s] DEBUG:colcon:Command line arguments: ['/usr/bin/colcon', 'build', '--packages-select', 'my_rviz_plugin']
[0.471s] DEBUG:colcon:Parsed command line arguments: Namespace(log_base=None, log_level=None, verb_name='build', build_base='build', install_base='install', merge_install=False, symlink_install=False, test_result_base=None, continue_on_error=False, executor='parallel', parallel_workers=4, event_handlers=None, ignore_user_meta=False, metas=['./colcon.meta'], base_paths=['.'], packages_ignore=None, packages_ignore_regex=None, paths=None, packages_up_to=None, packages_up_to_regex=None, packages_above=None, packages_above_and_dependencies=None, packages_above_depth=None, packages_select_by_dep=None, packages_skip_by_dep=None, packages_skip_up_to=None, packages_select_build_failed=False, packages_skip_build_finished=False, packages_select_test_failures=False, packages_skip_test_passed=False, packages_select=['my_rviz_plugin'], packages_skip=None, packages_select_regex=None, packages_skip_regex=None, packages_start=None, packages_end=None, allow_overriding=[], cmake_args=None, cmake_target=None, cmake_target_skip_unavailable=False, cmake_clean_cache=False, cmake_clean_first=False, cmake_force_configure=False, ament_cmake_args=None, catkin_cmake_args=None, catkin_skip_building_tests=False, verb_parser=<colcon_defaults.argument_parser.defaults.DefaultArgumentsDecorator object at 0x765f89913be0>, verb_extension=<colcon_core.verb.build.BuildVerb object at 0x765f899132e0>, main=<bound method BuildVerb.main of <colcon_core.verb.build.BuildVerb object at 0x765f899132e0>>)
[1.219s] Level 1:colcon.colcon_core.package_discovery:discover_packages(colcon_meta) check parameters
[1.220s] Level 1:colcon.colcon_core.package_discovery:discover_packages(recursive) check parameters
[1.220s] Level 1:colcon.colcon_core.package_discovery:discover_packages(ignore) check parameters
[1.220s] Level 1:colcon.colcon_core.package_discovery:discover_packages(path) check parameters
[1.221s] Level 1:colcon.colcon_core.package_discovery:discover_packages(colcon_meta) discover
[1.221s] Level 1:colcon.colcon_core.package_discovery:discover_packages(recursive) discover
[1.221s] INFO:colcon.colcon_core.package_discovery:Crawling recursively for packages in '/home/test/ros2_ws'
[1.222s] Level 1:colcon.colcon_core.package_identification:_identify(.) by extensions ['ignore', 'ignore_ament_install']
[1.222s] Level 1:colcon.colcon_core.package_identification:_identify(.) by extension 'ignore'
[1.223s] Level 1:colcon.colcon_core.package_identification:_identify(.) by extension 'ignore_ament_install'
[1.223s] Level 1:colcon.colcon_core.package_identification:_identify(.) by extensions ['colcon_pkg']
[1.223s] Level 1:colcon.colcon_core.package_identification:_identify(.) by extension 'colcon_pkg'
[1.224s] Level 1:colcon.colcon_core.package_identification:_identify(.) by extensions ['colcon_meta']
[1.224s] Level 1:colcon.colcon_core.package_identification:_identify(.) by extension 'colcon_meta'
[1.224s] Level 1:colcon.colcon_core.package_identification:_identify(.) by extensions ['ros']
[1.224s] Level 1:colcon.colcon_core.package_identification:_identify(.) by extension 'ros'
[1.278s] Level 1:colcon.colcon_core.package_identification:_identify(.) by extensions ['cmake', 'python']
[1.278s] Level 1:colcon.colcon_core.package_identification:_identify(.) by extension 'cmake'
[1.278s] Level 1:colcon.colcon_core.package_identification:_identify(.) by extension 'python'
[1.279s] Level 1:colcon.colcon_core.package_identification:_identify(.) by extensions ['python_setup_py']
[1.279s] Level 1:colcon.colcon_core.package_identification:_identify(.) by extension 'python_setup_py'
[1.279s] Level 1:colcon.colcon_core.package_identification:_identify(build) by extensions ['ignore', 'ignore_ament_install']
[1.280s] Level 1:colcon.colcon_core.package_identification:_identify(build) by extension 'ignore'
[1.280s] Level 1:colcon.colcon_core.package_identification:_identify(build) ignored
[1.281s] Level 1:colcon.colcon_core.package_identification:_identify(install) by extensions ['ignore', 'ignore_ament_install']
[1.281s] Level 1:colcon.colcon_core.package_identification:_identify(install) by extension 'ignore'
[1.281s] Level 1:colcon.colcon_core.package_identification:_identify(install) ignored
[1.282s] Level 1:colcon.colcon_core.package_identification:_identify(log) by extensions ['ignore', 'ignore_ament_install']
[1.282s] Level 1:colcon.colcon_core.package_identification:_identify(log) by extension 'ignore'
[1.282s] Level 1:colcon.colcon_core.package_identification:_identify(log) ignored
[1.283s] Level 1:colcon.colcon_core.package_identification:_identify(src) by extensions ['ignore', 'ignore_ament_install']
[1.283s] Level 1:colcon.colcon_core.package_identification:_identify(src) by extension 'ignore'
[1.283s] Level 1:colcon.colcon_core.package_identification:_identify(src) by extension 'ignore_ament_install'
[1.283s] Level 1:colcon.colcon_core.package_identification:_identify(src) by extensions ['colcon_pkg']
[1.283s] Level 1:colcon.colcon_core.package_identification:_identify(src) by extension 'colcon_pkg'
[1.284s] Level 1:colcon.colcon_core.package_identification:_identify(src) by extensions ['colcon_meta']
[1.284s] Level 1:colcon.colcon_core.package_identification:_identify(src) by extension 'colcon_meta'
[1.284s] Level 1:colcon.colcon_core.package_identification:_identify(src) by extensions ['ros']
[1.284s] Level 1:colcon.colcon_core.package_identification:_identify(src) by extension 'ros'
[1.284s] Level 1:colcon.colcon_core.package_identification:_identify(src) by extensions ['cmake', 'python']
[1.285s] Level 1:colcon.colcon_core.package_identification:_identify(src) by extension 'cmake'
[1.285s] Level 1:colcon.colcon_core.package_identification:_identify(src) by extension 'python'
[1.285s] Level 1:colcon.colcon_core.package_identification:_identify(src) by extensions ['python_setup_py']
[1.285s] Level 1:colcon.colcon_core.package_identification:_identify(src) by extension 'python_setup_py'
[1.286s] Level 1:colcon.colcon_core.package_identification:_identify(src/my_rviz_plugin) by extensions ['ignore', 'ignore_ament_install']
[1.286s] Level 1:colcon.colcon_core.package_identification:_identify(src/my_rviz_plugin) by extension 'ignore'
[1.287s] Level 1:colcon.colcon_core.package_identification:_identify(src/my_rviz_plugin) by extension 'ignore_ament_install'
[1.287s] Level 1:colcon.colcon_core.package_identification:_identify(src/my_rviz_plugin) by extensions ['colcon_pkg']
[1.287s] Level 1:colcon.colcon_core.package_identification:_identify(src/my_rviz_plugin) by extension 'colcon_pkg'
[1.287s] Level 1:colcon.colcon_core.package_identification:_identify(src/my_rviz_plugin) by extensions ['colcon_meta']
[1.287s] Level 1:colcon.colcon_core.package_identification:_identify(src/my_rviz_plugin) by extension 'colcon_meta'
[1.288s] Level 1:colcon.colcon_core.package_identification:_identify(src/my_rviz_plugin) by extensions ['ros']
[1.288s] Level 1:colcon.colcon_core.package_identification:_identify(src/my_rviz_plugin) by extension 'ros'
[1.295s] DEBUG:colcon.colcon_core.package_identification:Package 'src/my_rviz_plugin' with type 'ros.catkin' and name 'my_rviz_plugin'
[1.296s] Level 1:colcon.colcon_core.package_discovery:discover_packages(recursive) using defaults
[1.296s] Level 1:colcon.colcon_core.package_discovery:discover_packages(ignore) discover
[1.296s] Level 1:colcon.colcon_core.package_discovery:discover_packages(ignore) using defaults
[1.296s] Level 1:colcon.colcon_core.package_discovery:discover_packages(path) discover
[1.296s] Level 1:colcon.colcon_core.package_discovery:discover_packages(path) using defaults
[1.368s] Level 1:colcon.colcon_core.package_discovery:discover_packages(prefix_path) check parameters
[1.368s] Level 1:colcon.colcon_core.package_discovery:discover_packages(prefix_path) discover
[1.371s] WARNING:colcon.colcon_ros.prefix_path.catkin:The path '/home/test/ros2_ws/install/my_rviz_plugin' in the environment variable CMAKE_PREFIX_PATH doesn't exist
[1.374s] DEBUG:colcon.colcon_installed_package_information.package_discovery:Found 0 installed packages in /home/test/ros2_ws/install
[1.383s] DEBUG:colcon.colcon_installed_package_information.package_discovery:Found 270 installed packages in /opt/ros/humble
[1.388s] Level 1:colcon.colcon_core.package_discovery:discover_packages(prefix_path) using defaults
[1.592s] Level 5:colcon.colcon_core.verb:set package 'my_rviz_plugin' build argument 'cmake_args' from command line to 'None'
[1.592s] Level 5:colcon.colcon_core.verb:set package 'my_rviz_plugin' build argument 'cmake_target' from command line to 'None'
[1.592s] Level 5:colcon.colcon_core.verb:set package 'my_rviz_plugin' build argument 'cmake_target_skip_unavailable' from command line to 'False'
[1.593s] Level 5:colcon.colcon_core.verb:set package 'my_rviz_plugin' build argument 'cmake_clean_cache' from command line to 'False'
[1.593s] Level 5:colcon.colcon_core.verb:set package 'my_rviz_plugin' build argument 'cmake_clean_first' from command line to 'False'
[1.593s] Level 5:colcon.colcon_core.verb:set package 'my_rviz_plugin' build argument 'cmake_force_configure' from command line to 'False'
[1.593s] Level 5:colcon.colcon_core.verb:set package 'my_rviz_plugin' build argument 'ament_cmake_args' from command line to 'None'
[1.593s] Level 5:colcon.colcon_core.verb:set package 'my_rviz_plugin' build argument 'catkin_cmake_args' from command line to 'None'
[1.593s] Level 5:colcon.colcon_core.verb:set package 'my_rviz_plugin' build argument 'catkin_skip_building_tests' from command line to 'False'
[1.594s] DEBUG:colcon.colcon_core.verb:Building package 'my_rviz_plugin' with the following arguments: {'ament_cmake_args': None, 'build_base': '/home/test/ros2_ws/build/my_rviz_plugin', 'catkin_cmake_args': None, 'catkin_skip_building_tests': False, 'cmake_args': None, 'cmake_clean_cache': False, 'cmake_clean_first': False, 'cmake_force_configure': False, 'cmake_target': None, 'cmake_target_skip_unavailable': False, 'install_base': '/home/test/ros2_ws/install/my_rviz_plugin', 'merge_install': False, 'path': '/home/test/ros2_ws/src/my_rviz_plugin', 'symlink_install': False, 'test_result_base': None}
[1.594s] INFO:colcon.colcon_core.executor:Executing jobs using 'parallel' executor
[1.599s] DEBUG:colcon.colcon_parallel_executor.executor.parallel:run_until_complete
[1.600s] INFO:colcon.colcon_ros.task.catkin.build:Building ROS package in '/home/test/ros2_ws/src/my_rviz_plugin' with build type 'catkin'
[1.600s] INFO:colcon.colcon_cmake.task.cmake.build:Building CMake package in '/home/test/ros2_ws/src/my_rviz_plugin'
[1.613s] INFO:colcon.colcon_core.plugin_system:Skipping extension 'colcon_core.shell.bat': Not used on non-Windows systems
[1.614s] INFO:colcon.colcon_core.shell:Skip shell extension 'powershell' for command environment: Not usable outside of PowerShell
[1.614s] DEBUG:colcon.colcon_core.shell:Skip shell extension 'dsv' for command environment
[1.665s] DEBUG:colcon.colcon_core.event_handler.log_command:Invoking command in '/home/test/ros2_ws/build/my_rviz_plugin': /usr/bin/cmake /home/test/ros2_ws/src/my_rviz_plugin -DCATKIN_INSTALL_INTO_PREFIX_ROOT=0 -DCMAKE_INSTALL_PREFIX=/home/test/ros2_ws/install/my_rviz_plugin
[14.097s] DEBUG:colcon.colcon_core.event_handler.log_command:Invoked command in '/home/test/ros2_ws/build/my_rviz_plugin' returned '0': /usr/bin/cmake /home/test/ros2_ws/src/my_rviz_plugin -DCATKIN_INSTALL_INTO_PREFIX_ROOT=0 -DCMAKE_INSTALL_PREFIX=/home/test/ros2_ws/install/my_rviz_plugin
[14.106s] DEBUG:colcon.colcon_core.event_handler.log_command:Invoking command in '/home/test/ros2_ws/build/my_rviz_plugin': /usr/bin/cmake --build /home/test/ros2_ws/build/my_rviz_plugin -- -j4 -l4
[36.149s] DEBUG:colcon.colcon_core.event_handler.log_command:Invoked command in '/home/test/ros2_ws/build/my_rviz_plugin' returned '0': /usr/bin/cmake --build /home/test/ros2_ws/build/my_rviz_plugin -- -j4 -l4
[36.800s] DEBUG:colcon.colcon_core.event_handler.log_command:Invoking command in '/home/test/ros2_ws/build/my_rviz_plugin': /usr/bin/cmake --install /home/test/ros2_ws/build/my_rviz_plugin
[36.896s] DEBUG:colcon.colcon_core.event_handler.log_command:Invoked command in '/home/test/ros2_ws/build/my_rviz_plugin' returned '0': /usr/bin/cmake --install /home/test/ros2_ws/build/my_rviz_plugin
[37.199s] Level 1:colcon.colcon_core.shell:create_environment_hook('my_rviz_plugin', 'ros_package_path')
[37.200s] INFO:colcon.colcon_core.shell:Creating environment hook '/home/test/ros2_ws/install/my_rviz_plugin/share/my_rviz_plugin/hook/ros_package_path.ps1'
[37.203s] INFO:colcon.colcon_core.shell:Creating environment descriptor '/home/test/ros2_ws/install/my_rviz_plugin/share/my_rviz_plugin/hook/ros_package_path.dsv'
[37.205s] INFO:colcon.colcon_core.shell:Creating environment hook '/home/test/ros2_ws/install/my_rviz_plugin/share/my_rviz_plugin/hook/ros_package_path.sh'
[37.209s] Level 1:colcon.colcon_core.shell:create_environment_hook('my_rviz_plugin', 'pkg_config_path')
[37.209s] INFO:colcon.colcon_core.shell:Creating environment hook '/home/test/ros2_ws/install/my_rviz_plugin/share/my_rviz_plugin/hook/pkg_config_path.ps1'
[37.211s] INFO:colcon.colcon_core.shell:Creating environment descriptor '/home/test/ros2_ws/install/my_rviz_plugin/share/my_rviz_plugin/hook/pkg_config_path.dsv'
[37.213s] INFO:colcon.colcon_core.shell:Creating environment hook '/home/test/ros2_ws/install/my_rviz_plugin/share/my_rviz_plugin/hook/pkg_config_path.sh'
[37.228s] Level 1:colcon.colcon_core.shell:create_environment_hook('my_rviz_plugin', 'pkg_config_path_multiarch')
[37.229s] INFO:colcon.colcon_core.shell:Creating environment hook '/home/test/ros2_ws/install/my_rviz_plugin/share/my_rviz_plugin/hook/pkg_config_path_multiarch.ps1'
[37.230s] INFO:colcon.colcon_core.shell:Creating environment descriptor '/home/test/ros2_ws/install/my_rviz_plugin/share/my_rviz_plugin/hook/pkg_config_path_multiarch.dsv'
[37.232s] INFO:colcon.colcon_core.shell:Creating environment hook '/home/test/ros2_ws/install/my_rviz_plugin/share/my_rviz_plugin/hook/pkg_config_path_multiarch.sh'
[37.237s] Level 1:colcon.colcon_core.environment:create_environment_scripts_only(my_rviz_plugin)
[37.248s] Level 1:colcon.colcon_core.environment:checking '/home/test/ros2_ws/install/my_rviz_plugin' for CMake module files
[37.251s] Level 1:colcon.colcon_core.environment:checking '/home/test/ros2_ws/install/my_rviz_plugin' for CMake config files
[37.252s] Level 1:colcon.colcon_core.shell:create_environment_hook('my_rviz_plugin', 'cmake_prefix_path')
[37.253s] INFO:colcon.colcon_core.shell:Creating environment hook '/home/test/ros2_ws/install/my_rviz_plugin/share/my_rviz_plugin/hook/cmake_prefix_path.ps1'
[37.255s] INFO:colcon.colcon_core.shell:Creating environment descriptor '/home/test/ros2_ws/install/my_rviz_plugin/share/my_rviz_plugin/hook/cmake_prefix_path.dsv'
[37.256s] INFO:colcon.colcon_core.shell:Creating environment hook '/home/test/ros2_ws/install/my_rviz_plugin/share/my_rviz_plugin/hook/cmake_prefix_path.sh'
[37.260s] Level 1:colcon.colcon_core.environment:checking '/home/test/ros2_ws/install/my_rviz_plugin/lib'
[37.260s] Level 1:colcon.colcon_core.environment:checking '/home/test/ros2_ws/install/my_rviz_plugin/bin'
[37.261s] Level 1:colcon.colcon_core.environment:checking '/home/test/ros2_ws/install/my_rviz_plugin/lib/pkgconfig/my_rviz_plugin.pc'
[37.261s] Level 1:colcon.colcon_core.environment:checking '/home/test/ros2_ws/install/my_rviz_plugin/lib/python3.10/site-packages'
[37.262s] Level 1:colcon.colcon_core.environment:checking '/home/test/ros2_ws/install/my_rviz_plugin/bin'
[37.263s] INFO:colcon.colcon_core.shell:Creating package script '/home/test/ros2_ws/install/my_rviz_plugin/share/my_rviz_plugin/package.ps1'
[37.266s] INFO:colcon.colcon_core.shell:Creating package descriptor '/home/test/ros2_ws/install/my_rviz_plugin/share/my_rviz_plugin/package.dsv'
[37.270s] INFO:colcon.colcon_core.shell:Creating package script '/home/test/ros2_ws/install/my_rviz_plugin/share/my_rviz_plugin/package.sh'
[37.274s] INFO:colcon.colcon_core.shell:Creating package script '/home/test/ros2_ws/install/my_rviz_plugin/share/my_rviz_plugin/package.bash'
[37.277s] INFO:colcon.colcon_core.shell:Creating package script '/home/test/ros2_ws/install/my_rviz_plugin/share/my_rviz_plugin/package.zsh'
[37.280s] Level 1:colcon.colcon_core.environment:create_file_with_runtime_dependencies(/home/test/ros2_ws/install/my_rviz_plugin/share/colcon-core/packages/my_rviz_plugin)
[37.283s] DEBUG:colcon.colcon_parallel_executor.executor.parallel:closing loop
[37.286s] DEBUG:colcon.colcon_parallel_executor.executor.parallel:loop closed
[37.287s] DEBUG:colcon.colcon_parallel_executor.executor.parallel:run_until_complete finished with '0'
[37.287s] DEBUG:colcon.colcon_core.event_reactor:joining thread
[37.318s] INFO:colcon.colcon_core.plugin_system:Skipping extension 'colcon_notification.desktop_notification.terminal_notifier': Not used on non-Darwin systems
[37.318s] INFO:colcon.colcon_core.plugin_system:Skipping extension 'colcon_notification.desktop_notification.win32': Not used on non-Windows systems
[37.319s] INFO:colcon.colcon_notification.desktop_notification:Sending desktop notification using 'notify2'
[37.388s] DEBUG:colcon.colcon_core.event_reactor:joined thread
[37.389s] INFO:colcon.colcon_core.shell:Creating prefix script '/home/test/ros2_ws/install/local_setup.ps1'
[37.394s] INFO:colcon.colcon_core.shell:Creating prefix util module '/home/test/ros2_ws/install/_local_setup_util_ps1.py'
[37.399s] INFO:colcon.colcon_core.shell:Creating prefix chain script '/home/test/ros2_ws/install/setup.ps1'
[37.405s] INFO:colcon.colcon_core.shell:Creating prefix script '/home/test/ros2_ws/install/local_setup.sh'
[37.408s] INFO:colcon.colcon_core.shell:Creating prefix util module '/home/test/ros2_ws/install/_local_setup_util_sh.py'
[37.410s] INFO:colcon.colcon_core.shell:Creating prefix chain script '/home/test/ros2_ws/install/setup.sh'
[37.416s] INFO:colcon.colcon_core.shell:Creating prefix script '/home/test/ros2_ws/install/local_setup.bash'
[37.418s] INFO:colcon.colcon_core.shell:Creating prefix chain script '/home/test/ros2_ws/install/setup.bash'
[37.422s] INFO:colcon.colcon_core.shell:Creating prefix script '/home/test/ros2_ws/install/local_setup.zsh'
[37.423s] INFO:colcon.colcon_core.shell:Creating prefix chain script '/home/test/ros2_ws/install/setup.zsh'
