[0.876s] DEBUG:colcon:Command line arguments: ['/usr/bin/colcon', 'build', '--cmake-clean-cache']
[0.877s] DEBUG:colcon:Parsed command line arguments: Namespace(log_base=None, log_level=None, verb_name='build', build_base='build', install_base='install', merge_install=False, symlink_install=False, test_result_base=None, continue_on_error=False, executor='parallel', parallel_workers=16, event_handlers=None, ignore_user_meta=False, metas=['./colcon.meta'], base_paths=['.'], packages_ignore=None, packages_ignore_regex=None, paths=None, packages_up_to=None, packages_up_to_regex=None, packages_above=None, packages_above_and_dependencies=None, packages_above_depth=None, packages_select_by_dep=None, packages_skip_by_dep=None, packages_skip_up_to=None, packages_select_build_failed=False, packages_skip_build_finished=False, packages_select_test_failures=False, packages_skip_test_passed=False, packages_select=None, packages_skip=None, packages_select_regex=None, packages_skip_regex=None, packages_start=None, packages_end=None, allow_overriding=[], cmake_args=None, cmake_target=None, cmake_target_skip_unavailable=False, cmake_clean_cache=True, cmake_clean_first=False, cmake_force_configure=False, ament_cmake_args=None, catkin_cmake_args=None, catkin_skip_building_tests=False, mixin_files=None, mixin=None, verb_parser=<colcon_mixin.mixin.mixin_argument.MixinArgumentDecorator object at 0x7fafa3219c00>, verb_extension=<colcon_core.verb.build.BuildVerb object at 0x7fafa33161a0>, main=<bound method BuildVerb.main of <colcon_core.verb.build.BuildVerb object at 0x7fafa33161a0>>, mixin_verb=('build',))
[1.539s] Level 1:colcon.colcon_core.package_discovery:discover_packages(colcon_meta) check parameters
[1.539s] Level 1:colcon.colcon_core.package_discovery:discover_packages(recursive) check parameters
[1.539s] Level 1:colcon.colcon_core.package_discovery:discover_packages(ignore) check parameters
[1.539s] Level 1:colcon.colcon_core.package_discovery:discover_packages(path) check parameters
[1.539s] Level 1:colcon.colcon_core.package_discovery:discover_packages(colcon_meta) discover
[1.539s] Level 1:colcon.colcon_core.package_discovery:discover_packages(recursive) discover
[1.539s] INFO:colcon.colcon_core.package_discovery:Crawling recursively for packages in '/home/cporeddy/ros2_ws'
[1.540s] Level 1:colcon.colcon_core.package_identification:_identify(.) by extensions ['ignore', 'ignore_ament_install']
[1.540s] Level 1:colcon.colcon_core.package_identification:_identify(.) by extension 'ignore'
[1.540s] Level 1:colcon.colcon_core.package_identification:_identify(.) by extension 'ignore_ament_install'
[1.540s] Level 1:colcon.colcon_core.package_identification:_identify(.) by extensions ['colcon_pkg']
[1.540s] Level 1:colcon.colcon_core.package_identification:_identify(.) by extension 'colcon_pkg'
[1.540s] Level 1:colcon.colcon_core.package_identification:_identify(.) by extensions ['colcon_meta']
[1.540s] Level 1:colcon.colcon_core.package_identification:_identify(.) by extension 'colcon_meta'
[1.540s] Level 1:colcon.colcon_core.package_identification:_identify(.) by extensions ['ros']
[1.540s] Level 1:colcon.colcon_core.package_identification:_identify(.) by extension 'ros'
[1.567s] Level 1:colcon.colcon_core.package_identification:_identify(.) by extensions ['cmake', 'python']
[1.567s] Level 1:colcon.colcon_core.package_identification:_identify(.) by extension 'cmake'
[1.567s] Level 1:colcon.colcon_core.package_identification:_identify(.) by extension 'python'
[1.567s] Level 1:colcon.colcon_core.package_identification:_identify(.) by extensions ['python_setup_py']
[1.567s] Level 1:colcon.colcon_core.package_identification:_identify(.) by extension 'python_setup_py'
[1.567s] Level 1:colcon.colcon_core.package_identification:_identify(build) by extensions ['ignore', 'ignore_ament_install']
[1.568s] Level 1:colcon.colcon_core.package_identification:_identify(build) by extension 'ignore'
[1.568s] Level 1:colcon.colcon_core.package_identification:_identify(build) ignored
[1.568s] Level 1:colcon.colcon_core.package_identification:_identify(custom_rviz_plugin) by extensions ['ignore', 'ignore_ament_install']
[1.569s] Level 1:colcon.colcon_core.package_identification:_identify(custom_rviz_plugin) by extension 'ignore'
[1.569s] Level 1:colcon.colcon_core.package_identification:_identify(custom_rviz_plugin) by extension 'ignore_ament_install'
[1.569s] Level 1:colcon.colcon_core.package_identification:_identify(custom_rviz_plugin) by extensions ['colcon_pkg']
[1.569s] Level 1:colcon.colcon_core.package_identification:_identify(custom_rviz_plugin) by extension 'colcon_pkg'
[1.569s] Level 1:colcon.colcon_core.package_identification:_identify(custom_rviz_plugin) by extensions ['colcon_meta']
[1.569s] Level 1:colcon.colcon_core.package_identification:_identify(custom_rviz_plugin) by extension 'colcon_meta'
[1.569s] Level 1:colcon.colcon_core.package_identification:_identify(custom_rviz_plugin) by extensions ['ros']
[1.569s] Level 1:colcon.colcon_core.package_identification:_identify(custom_rviz_plugin) by extension 'ros'
[1.576s] DEBUG:colcon.colcon_core.package_identification:Package 'custom_rviz_plugin' with type 'ros.ament_cmake' and name 'custom_rviz_plugin'
[1.576s] Level 1:colcon.colcon_core.package_identification:_identify(install) by extensions ['ignore', 'ignore_ament_install']
[1.576s] Level 1:colcon.colcon_core.package_identification:_identify(install) by extension 'ignore'
[1.576s] Level 1:colcon.colcon_core.package_identification:_identify(install) ignored
[1.577s] Level 1:colcon.colcon_core.package_identification:_identify(log) by extensions ['ignore', 'ignore_ament_install']
[1.577s] Level 1:colcon.colcon_core.package_identification:_identify(log) by extension 'ignore'
[1.577s] Level 1:colcon.colcon_core.package_identification:_identify(log) ignored
[1.577s] Level 1:colcon.colcon_core.package_identification:_identify(src) by extensions ['ignore', 'ignore_ament_install']
[1.578s] Level 1:colcon.colcon_core.package_identification:_identify(src) by extension 'ignore'
[1.578s] Level 1:colcon.colcon_core.package_identification:_identify(src) by extension 'ignore_ament_install'
[1.578s] Level 1:colcon.colcon_core.package_identification:_identify(src) by extensions ['colcon_pkg']
[1.578s] Level 1:colcon.colcon_core.package_identification:_identify(src) by extension 'colcon_pkg'
[1.578s] Level 1:colcon.colcon_core.package_identification:_identify(src) by extensions ['colcon_meta']
[1.578s] Level 1:colcon.colcon_core.package_identification:_identify(src) by extension 'colcon_meta'
[1.578s] Level 1:colcon.colcon_core.package_identification:_identify(src) by extensions ['ros']
[1.578s] Level 1:colcon.colcon_core.package_identification:_identify(src) by extension 'ros'
[1.578s] Level 1:colcon.colcon_core.package_identification:_identify(src) by extensions ['cmake', 'python']
[1.578s] Level 1:colcon.colcon_core.package_identification:_identify(src) by extension 'cmake'
[1.578s] Level 1:colcon.colcon_core.package_identification:_identify(src) by extension 'python'
[1.578s] Level 1:colcon.colcon_core.package_identification:_identify(src) by extensions ['python_setup_py']
[1.578s] Level 1:colcon.colcon_core.package_identification:_identify(src) by extension 'python_setup_py'
[1.579s] Level 1:colcon.colcon_core.package_identification:_identify(src/my_rviz_plugin) by extensions ['ignore', 'ignore_ament_install']
[1.579s] Level 1:colcon.colcon_core.package_identification:_identify(src/my_rviz_plugin) by extension 'ignore'
[1.579s] Level 1:colcon.colcon_core.package_identification:_identify(src/my_rviz_plugin) by extension 'ignore_ament_install'
[1.579s] Level 1:colcon.colcon_core.package_identification:_identify(src/my_rviz_plugin) by extensions ['colcon_pkg']
[1.580s] Level 1:colcon.colcon_core.package_identification:_identify(src/my_rviz_plugin) by extension 'colcon_pkg'
[1.580s] Level 1:colcon.colcon_core.package_identification:_identify(src/my_rviz_plugin) by extensions ['colcon_meta']
[1.580s] Level 1:colcon.colcon_core.package_identification:_identify(src/my_rviz_plugin) by extension 'colcon_meta'
[1.580s] Level 1:colcon.colcon_core.package_identification:_identify(src/my_rviz_plugin) by extensions ['ros']
[1.580s] Level 1:colcon.colcon_core.package_identification:_identify(src/my_rviz_plugin) by extension 'ros'
[1.582s] DEBUG:colcon.colcon_core.package_identification:Package 'src/my_rviz_plugin' with type 'ros.ament_cmake' and name 'my_rviz_plugin'
[1.582s] Level 1:colcon.colcon_core.package_discovery:discover_packages(recursive) using defaults
[1.582s] Level 1:colcon.colcon_core.package_discovery:discover_packages(ignore) discover
[1.582s] Level 1:colcon.colcon_core.package_discovery:discover_packages(ignore) using defaults
[1.582s] Level 1:colcon.colcon_core.package_discovery:discover_packages(path) discover
[1.582s] Level 1:colcon.colcon_core.package_discovery:discover_packages(path) using defaults
[1.642s] Level 1:colcon.colcon_core.package_discovery:discover_packages(prefix_path) check parameters
[1.642s] Level 1:colcon.colcon_core.package_discovery:discover_packages(prefix_path) discover
[1.652s] DEBUG:colcon.colcon_installed_package_information.package_discovery:Found 270 installed packages in /opt/ros/humble
[1.668s] Level 1:colcon.colcon_core.package_discovery:discover_packages(prefix_path) using defaults
[1.848s] Level 5:colcon.colcon_core.verb:set package 'custom_rviz_plugin' build argument 'cmake_args' from command line to 'None'
[1.848s] Level 5:colcon.colcon_core.verb:set package 'custom_rviz_plugin' build argument 'cmake_target' from command line to 'None'
[1.848s] Level 5:colcon.colcon_core.verb:set package 'custom_rviz_plugin' build argument 'cmake_target_skip_unavailable' from command line to 'False'
[1.848s] Level 5:colcon.colcon_core.verb:set package 'custom_rviz_plugin' build argument 'cmake_clean_cache' from command line to 'True'
[1.848s] Level 5:colcon.colcon_core.verb:set package 'custom_rviz_plugin' build argument 'cmake_clean_first' from command line to 'False'
[1.848s] Level 5:colcon.colcon_core.verb:set package 'custom_rviz_plugin' build argument 'cmake_force_configure' from command line to 'False'
[1.848s] Level 5:colcon.colcon_core.verb:set package 'custom_rviz_plugin' build argument 'ament_cmake_args' from command line to 'None'
[1.848s] Level 5:colcon.colcon_core.verb:set package 'custom_rviz_plugin' build argument 'catkin_cmake_args' from command line to 'None'
[1.848s] Level 5:colcon.colcon_core.verb:set package 'custom_rviz_plugin' build argument 'catkin_skip_building_tests' from command line to 'False'
[1.848s] DEBUG:colcon.colcon_core.verb:Building package 'custom_rviz_plugin' with the following arguments: {'ament_cmake_args': None, 'build_base': '/home/cporeddy/ros2_ws/build/custom_rviz_plugin', 'catkin_cmake_args': None, 'catkin_skip_building_tests': False, 'cmake_args': None, 'cmake_clean_cache': True, 'cmake_clean_first': False, 'cmake_force_configure': False, 'cmake_target': None, 'cmake_target_skip_unavailable': False, 'install_base': '/home/cporeddy/ros2_ws/install/custom_rviz_plugin', 'merge_install': False, 'path': '/home/cporeddy/ros2_ws/custom_rviz_plugin', 'symlink_install': False, 'test_result_base': None}
[1.849s] Level 5:colcon.colcon_core.verb:set package 'my_rviz_plugin' build argument 'cmake_args' from command line to 'None'
[1.849s] Level 5:colcon.colcon_core.verb:set package 'my_rviz_plugin' build argument 'cmake_target' from command line to 'None'
[1.849s] Level 5:colcon.colcon_core.verb:set package 'my_rviz_plugin' build argument 'cmake_target_skip_unavailable' from command line to 'False'
[1.849s] Level 5:colcon.colcon_core.verb:set package 'my_rviz_plugin' build argument 'cmake_clean_cache' from command line to 'True'
[1.849s] Level 5:colcon.colcon_core.verb:set package 'my_rviz_plugin' build argument 'cmake_clean_first' from command line to 'False'
[1.849s] Level 5:colcon.colcon_core.verb:set package 'my_rviz_plugin' build argument 'cmake_force_configure' from command line to 'False'
[1.849s] Level 5:colcon.colcon_core.verb:set package 'my_rviz_plugin' build argument 'ament_cmake_args' from command line to 'None'
[1.849s] Level 5:colcon.colcon_core.verb:set package 'my_rviz_plugin' build argument 'catkin_cmake_args' from command line to 'None'
[1.849s] Level 5:colcon.colcon_core.verb:set package 'my_rviz_plugin' build argument 'catkin_skip_building_tests' from command line to 'False'
[1.849s] DEBUG:colcon.colcon_core.verb:Building package 'my_rviz_plugin' with the following arguments: {'ament_cmake_args': None, 'build_base': '/home/cporeddy/ros2_ws/build/my_rviz_plugin', 'catkin_cmake_args': None, 'catkin_skip_building_tests': False, 'cmake_args': None, 'cmake_clean_cache': True, 'cmake_clean_first': False, 'cmake_force_configure': False, 'cmake_target': None, 'cmake_target_skip_unavailable': False, 'install_base': '/home/cporeddy/ros2_ws/install/my_rviz_plugin', 'merge_install': False, 'path': '/home/cporeddy/ros2_ws/src/my_rviz_plugin', 'symlink_install': False, 'test_result_base': None}
[1.850s] INFO:colcon.colcon_core.executor:Executing jobs using 'parallel' executor
[1.851s] DEBUG:colcon.colcon_parallel_executor.executor.parallel:run_until_complete
[1.852s] INFO:colcon.colcon_ros.task.ament_cmake.build:Building ROS package in '/home/cporeddy/ros2_ws/custom_rviz_plugin' with build type 'ament_cmake'
[1.852s] INFO:colcon.colcon_cmake.task.cmake.build:Building CMake package in '/home/cporeddy/ros2_ws/custom_rviz_plugin'
[1.863s] INFO:colcon.colcon_core.plugin_system:Skipping extension 'colcon_core.shell.bat': Not used on non-Windows systems
[1.864s] INFO:colcon.colcon_core.shell:Skip shell extension 'powershell' for command environment: Not usable outside of PowerShell
[1.864s] DEBUG:colcon.colcon_core.shell:Skip shell extension 'dsv' for command environment
[1.872s] INFO:colcon.colcon_ros.task.ament_cmake.build:Building ROS package in '/home/cporeddy/ros2_ws/src/my_rviz_plugin' with build type 'ament_cmake'
[1.872s] INFO:colcon.colcon_cmake.task.cmake.build:Building CMake package in '/home/cporeddy/ros2_ws/src/my_rviz_plugin'
[1.873s] INFO:colcon.colcon_core.shell:Skip shell extension 'powershell' for command environment: Not usable outside of PowerShell
[1.874s] DEBUG:colcon.colcon_core.shell:Skip shell extension 'dsv' for command environment
[1.892s] DEBUG:colcon.colcon_core.event_handler.log_command:Invoking command in '/home/cporeddy/ros2_ws/build/custom_rviz_plugin': CMAKE_PREFIX_PATH=/opt/ros/humble /usr/bin/cmake /home/cporeddy/ros2_ws/custom_rviz_plugin -DCMAKE_INSTALL_PREFIX=/home/cporeddy/ros2_ws/install/custom_rviz_plugin
[1.906s] DEBUG:colcon.colcon_core.event_handler.log_command:Invoking command in '/home/cporeddy/ros2_ws/build/my_rviz_plugin': CMAKE_PREFIX_PATH=/opt/ros/humble /usr/bin/cmake /home/cporeddy/ros2_ws/src/my_rviz_plugin -DCMAKE_INSTALL_PREFIX=/home/cporeddy/ros2_ws/install/my_rviz_plugin
[32.107s] DEBUG:colcon.colcon_core.event_handler.log_command:Invoked command in '/home/cporeddy/ros2_ws/build/my_rviz_plugin' returned '0': CMAKE_PREFIX_PATH=/opt/ros/humble /usr/bin/cmake /home/cporeddy/ros2_ws/src/my_rviz_plugin -DCMAKE_INSTALL_PREFIX=/home/cporeddy/ros2_ws/install/my_rviz_plugin
[32.114s] DEBUG:colcon.colcon_core.event_handler.log_command:Invoking command in '/home/cporeddy/ros2_ws/build/my_rviz_plugin': CMAKE_PREFIX_PATH=/opt/ros/humble /usr/bin/cmake --build /home/cporeddy/ros2_ws/build/my_rviz_plugin -- -j16 -l16
[32.115s] DEBUG:colcon.colcon_core.event_handler.log_command:Invoked command in '/home/cporeddy/ros2_ws/build/custom_rviz_plugin' returned '0': CMAKE_PREFIX_PATH=/opt/ros/humble /usr/bin/cmake /home/cporeddy/ros2_ws/custom_rviz_plugin -DCMAKE_INSTALL_PREFIX=/home/cporeddy/ros2_ws/install/custom_rviz_plugin
[32.115s] DEBUG:colcon.colcon_core.event_handler.log_command:Invoking command in '/home/cporeddy/ros2_ws/build/custom_rviz_plugin': CMAKE_PREFIX_PATH=/opt/ros/humble /usr/bin/cmake --build /home/cporeddy/ros2_ws/build/custom_rviz_plugin -- -j16 -l16
[35.612s] DEBUG:colcon.colcon_core.event_handler.log_command:Invoked command in '/home/cporeddy/ros2_ws/build/my_rviz_plugin' returned '0': CMAKE_PREFIX_PATH=/opt/ros/humble /usr/bin/cmake --build /home/cporeddy/ros2_ws/build/my_rviz_plugin -- -j16 -l16
[35.677s] DEBUG:colcon.colcon_core.event_handler.log_command:Invoking command in '/home/cporeddy/ros2_ws/build/my_rviz_plugin': CMAKE_PREFIX_PATH=/opt/ros/humble /usr/bin/cmake --install /home/cporeddy/ros2_ws/build/my_rviz_plugin
[35.704s] Level 1:colcon.colcon_core.environment:create_environment_scripts_only(my_rviz_plugin)
[35.706s] DEBUG:colcon.colcon_core.event_handler.log_command:Invoked command in '/home/cporeddy/ros2_ws/build/my_rviz_plugin' returned '0': CMAKE_PREFIX_PATH=/opt/ros/humble /usr/bin/cmake --install /home/cporeddy/ros2_ws/build/my_rviz_plugin
[35.719s] Level 1:colcon.colcon_core.environment:checking '/home/cporeddy/ros2_ws/install/my_rviz_plugin' for CMake module files
[35.720s] Level 1:colcon.colcon_core.environment:checking '/home/cporeddy/ros2_ws/install/my_rviz_plugin' for CMake config files
[35.720s] Level 1:colcon.colcon_core.shell:create_environment_hook('my_rviz_plugin', 'cmake_prefix_path')
[35.721s] INFO:colcon.colcon_core.shell:Creating environment hook '/home/cporeddy/ros2_ws/install/my_rviz_plugin/share/my_rviz_plugin/hook/cmake_prefix_path.ps1'
[35.723s] INFO:colcon.colcon_core.shell:Creating environment descriptor '/home/cporeddy/ros2_ws/install/my_rviz_plugin/share/my_rviz_plugin/hook/cmake_prefix_path.dsv'
[35.724s] INFO:colcon.colcon_core.shell:Creating environment hook '/home/cporeddy/ros2_ws/install/my_rviz_plugin/share/my_rviz_plugin/hook/cmake_prefix_path.sh'
[35.727s] Level 1:colcon.colcon_core.environment:checking '/home/cporeddy/ros2_ws/install/my_rviz_plugin/lib'
[35.727s] Level 1:colcon.colcon_core.shell:create_environment_hook('my_rviz_plugin', 'ld_library_path_lib')
[35.728s] INFO:colcon.colcon_core.shell:Creating environment hook '/home/cporeddy/ros2_ws/install/my_rviz_plugin/share/my_rviz_plugin/hook/ld_library_path_lib.ps1'
[35.729s] INFO:colcon.colcon_core.shell:Creating environment descriptor '/home/cporeddy/ros2_ws/install/my_rviz_plugin/share/my_rviz_plugin/hook/ld_library_path_lib.dsv'
[35.730s] INFO:colcon.colcon_core.shell:Creating environment hook '/home/cporeddy/ros2_ws/install/my_rviz_plugin/share/my_rviz_plugin/hook/ld_library_path_lib.sh'
[35.731s] Level 1:colcon.colcon_core.environment:checking '/home/cporeddy/ros2_ws/install/my_rviz_plugin/bin'
[35.731s] Level 1:colcon.colcon_core.environment:checking '/home/cporeddy/ros2_ws/install/my_rviz_plugin/lib/pkgconfig/my_rviz_plugin.pc'
[35.732s] Level 1:colcon.colcon_core.environment:checking '/home/cporeddy/ros2_ws/install/my_rviz_plugin/lib/python3.10/site-packages'
[35.732s] Level 1:colcon.colcon_core.environment:checking '/home/cporeddy/ros2_ws/install/my_rviz_plugin/bin'
[35.732s] INFO:colcon.colcon_core.shell:Creating package script '/home/cporeddy/ros2_ws/install/my_rviz_plugin/share/my_rviz_plugin/package.ps1'
[35.735s] INFO:colcon.colcon_core.shell:Creating package descriptor '/home/cporeddy/ros2_ws/install/my_rviz_plugin/share/my_rviz_plugin/package.dsv'
[35.737s] INFO:colcon.colcon_core.shell:Creating package script '/home/cporeddy/ros2_ws/install/my_rviz_plugin/share/my_rviz_plugin/package.sh'
[35.739s] INFO:colcon.colcon_core.shell:Creating package script '/home/cporeddy/ros2_ws/install/my_rviz_plugin/share/my_rviz_plugin/package.bash'
[35.741s] INFO:colcon.colcon_core.shell:Creating package script '/home/cporeddy/ros2_ws/install/my_rviz_plugin/share/my_rviz_plugin/package.zsh'
[35.742s] Level 1:colcon.colcon_core.environment:create_file_with_runtime_dependencies(/home/cporeddy/ros2_ws/install/my_rviz_plugin/share/colcon-core/packages/my_rviz_plugin)
[35.791s] Level 1:colcon.colcon_core.environment:create_environment_scripts_only(my_rviz_plugin)
[35.791s] Level 1:colcon.colcon_core.environment:checking '/home/cporeddy/ros2_ws/install/my_rviz_plugin' for CMake module files
[35.792s] Level 1:colcon.colcon_core.environment:checking '/home/cporeddy/ros2_ws/install/my_rviz_plugin' for CMake config files
[35.793s] Level 1:colcon.colcon_core.shell:create_environment_hook('my_rviz_plugin', 'cmake_prefix_path')
[35.793s] INFO:colcon.colcon_core.shell:Creating environment hook '/home/cporeddy/ros2_ws/install/my_rviz_plugin/share/my_rviz_plugin/hook/cmake_prefix_path.ps1'
[35.794s] INFO:colcon.colcon_core.shell:Creating environment descriptor '/home/cporeddy/ros2_ws/install/my_rviz_plugin/share/my_rviz_plugin/hook/cmake_prefix_path.dsv'
[35.794s] INFO:colcon.colcon_core.shell:Creating environment hook '/home/cporeddy/ros2_ws/install/my_rviz_plugin/share/my_rviz_plugin/hook/cmake_prefix_path.sh'
[35.795s] Level 1:colcon.colcon_core.environment:checking '/home/cporeddy/ros2_ws/install/my_rviz_plugin/lib'
[35.795s] Level 1:colcon.colcon_core.shell:create_environment_hook('my_rviz_plugin', 'ld_library_path_lib')
[35.795s] INFO:colcon.colcon_core.shell:Creating environment hook '/home/cporeddy/ros2_ws/install/my_rviz_plugin/share/my_rviz_plugin/hook/ld_library_path_lib.ps1'
[35.796s] INFO:colcon.colcon_core.shell:Creating environment descriptor '/home/cporeddy/ros2_ws/install/my_rviz_plugin/share/my_rviz_plugin/hook/ld_library_path_lib.dsv'
[35.797s] INFO:colcon.colcon_core.shell:Creating environment hook '/home/cporeddy/ros2_ws/install/my_rviz_plugin/share/my_rviz_plugin/hook/ld_library_path_lib.sh'
[35.798s] Level 1:colcon.colcon_core.environment:checking '/home/cporeddy/ros2_ws/install/my_rviz_plugin/bin'
[35.798s] Level 1:colcon.colcon_core.environment:checking '/home/cporeddy/ros2_ws/install/my_rviz_plugin/lib/pkgconfig/my_rviz_plugin.pc'
[35.798s] Level 1:colcon.colcon_core.environment:checking '/home/cporeddy/ros2_ws/install/my_rviz_plugin/lib/python3.10/site-packages'
[35.799s] Level 1:colcon.colcon_core.environment:checking '/home/cporeddy/ros2_ws/install/my_rviz_plugin/bin'
[35.799s] INFO:colcon.colcon_core.shell:Creating package script '/home/cporeddy/ros2_ws/install/my_rviz_plugin/share/my_rviz_plugin/package.ps1'
[35.800s] INFO:colcon.colcon_core.shell:Creating package descriptor '/home/cporeddy/ros2_ws/install/my_rviz_plugin/share/my_rviz_plugin/package.dsv'
[35.801s] INFO:colcon.colcon_core.shell:Creating package script '/home/cporeddy/ros2_ws/install/my_rviz_plugin/share/my_rviz_plugin/package.sh'
[35.802s] INFO:colcon.colcon_core.shell:Creating package script '/home/cporeddy/ros2_ws/install/my_rviz_plugin/share/my_rviz_plugin/package.bash'
[35.802s] INFO:colcon.colcon_core.shell:Creating package script '/home/cporeddy/ros2_ws/install/my_rviz_plugin/share/my_rviz_plugin/package.zsh'
[35.803s] Level 1:colcon.colcon_core.environment:create_file_with_runtime_dependencies(/home/cporeddy/ros2_ws/install/my_rviz_plugin/share/colcon-core/packages/my_rviz_plugin)
[35.945s] DEBUG:colcon.colcon_core.event_handler.log_command:Invoked command in '/home/cporeddy/ros2_ws/build/custom_rviz_plugin' returned '0': CMAKE_PREFIX_PATH=/opt/ros/humble /usr/bin/cmake --build /home/cporeddy/ros2_ws/build/custom_rviz_plugin -- -j16 -l16
[35.991s] DEBUG:colcon.colcon_core.event_handler.log_command:Invoking command in '/home/cporeddy/ros2_ws/build/custom_rviz_plugin': CMAKE_PREFIX_PATH=/opt/ros/humble /usr/bin/cmake --install /home/cporeddy/ros2_ws/build/custom_rviz_plugin
[36.018s] Level 1:colcon.colcon_core.environment:create_environment_scripts_only(custom_rviz_plugin)
[36.018s] Level 1:colcon.colcon_core.environment:checking '/home/cporeddy/ros2_ws/install/custom_rviz_plugin' for CMake module files
[36.020s] DEBUG:colcon.colcon_core.event_handler.log_command:Invoked command in '/home/cporeddy/ros2_ws/build/custom_rviz_plugin' returned '0': CMAKE_PREFIX_PATH=/opt/ros/humble /usr/bin/cmake --install /home/cporeddy/ros2_ws/build/custom_rviz_plugin
[36.020s] Level 1:colcon.colcon_core.environment:checking '/home/cporeddy/ros2_ws/install/custom_rviz_plugin' for CMake config files
[36.021s] Level 1:colcon.colcon_core.shell:create_environment_hook('custom_rviz_plugin', 'cmake_prefix_path')
[36.021s] INFO:colcon.colcon_core.shell:Creating environment hook '/home/cporeddy/ros2_ws/install/custom_rviz_plugin/share/custom_rviz_plugin/hook/cmake_prefix_path.ps1'
[36.022s] INFO:colcon.colcon_core.shell:Creating environment descriptor '/home/cporeddy/ros2_ws/install/custom_rviz_plugin/share/custom_rviz_plugin/hook/cmake_prefix_path.dsv'
[36.023s] INFO:colcon.colcon_core.shell:Creating environment hook '/home/cporeddy/ros2_ws/install/custom_rviz_plugin/share/custom_rviz_plugin/hook/cmake_prefix_path.sh'
[36.024s] Level 1:colcon.colcon_core.environment:checking '/home/cporeddy/ros2_ws/install/custom_rviz_plugin/lib'
[36.024s] Level 1:colcon.colcon_core.environment:checking '/home/cporeddy/ros2_ws/install/custom_rviz_plugin/bin'
[36.024s] Level 1:colcon.colcon_core.environment:checking '/home/cporeddy/ros2_ws/install/custom_rviz_plugin/lib/pkgconfig/custom_rviz_plugin.pc'
[36.024s] Level 1:colcon.colcon_core.environment:checking '/home/cporeddy/ros2_ws/install/custom_rviz_plugin/lib/python3.10/site-packages'
[36.025s] Level 1:colcon.colcon_core.environment:checking '/home/cporeddy/ros2_ws/install/custom_rviz_plugin/bin'
[36.025s] INFO:colcon.colcon_core.shell:Creating package script '/home/cporeddy/ros2_ws/install/custom_rviz_plugin/share/custom_rviz_plugin/package.ps1'
[36.026s] INFO:colcon.colcon_core.shell:Creating package descriptor '/home/cporeddy/ros2_ws/install/custom_rviz_plugin/share/custom_rviz_plugin/package.dsv'
[36.026s] INFO:colcon.colcon_core.shell:Creating package script '/home/cporeddy/ros2_ws/install/custom_rviz_plugin/share/custom_rviz_plugin/package.sh'
[36.027s] INFO:colcon.colcon_core.shell:Creating package script '/home/cporeddy/ros2_ws/install/custom_rviz_plugin/share/custom_rviz_plugin/package.bash'
[36.028s] INFO:colcon.colcon_core.shell:Creating package script '/home/cporeddy/ros2_ws/install/custom_rviz_plugin/share/custom_rviz_plugin/package.zsh'
[36.029s] Level 1:colcon.colcon_core.environment:create_file_with_runtime_dependencies(/home/cporeddy/ros2_ws/install/custom_rviz_plugin/share/colcon-core/packages/custom_rviz_plugin)
[36.074s] Level 1:colcon.colcon_core.environment:create_environment_scripts_only(custom_rviz_plugin)
[36.074s] Level 1:colcon.colcon_core.environment:checking '/home/cporeddy/ros2_ws/install/custom_rviz_plugin' for CMake module files
[36.075s] Level 1:colcon.colcon_core.environment:checking '/home/cporeddy/ros2_ws/install/custom_rviz_plugin' for CMake config files
[36.075s] Level 1:colcon.colcon_core.shell:create_environment_hook('custom_rviz_plugin', 'cmake_prefix_path')
[36.076s] INFO:colcon.colcon_core.shell:Creating environment hook '/home/cporeddy/ros2_ws/install/custom_rviz_plugin/share/custom_rviz_plugin/hook/cmake_prefix_path.ps1'
[36.076s] INFO:colcon.colcon_core.shell:Creating environment descriptor '/home/cporeddy/ros2_ws/install/custom_rviz_plugin/share/custom_rviz_plugin/hook/cmake_prefix_path.dsv'
[36.077s] INFO:colcon.colcon_core.shell:Creating environment hook '/home/cporeddy/ros2_ws/install/custom_rviz_plugin/share/custom_rviz_plugin/hook/cmake_prefix_path.sh'
[36.078s] Level 1:colcon.colcon_core.environment:checking '/home/cporeddy/ros2_ws/install/custom_rviz_plugin/lib'
[36.078s] Level 1:colcon.colcon_core.environment:checking '/home/cporeddy/ros2_ws/install/custom_rviz_plugin/bin'
[36.078s] Level 1:colcon.colcon_core.environment:checking '/home/cporeddy/ros2_ws/install/custom_rviz_plugin/lib/pkgconfig/custom_rviz_plugin.pc'
[36.079s] Level 1:colcon.colcon_core.environment:checking '/home/cporeddy/ros2_ws/install/custom_rviz_plugin/lib/python3.10/site-packages'
[36.079s] Level 1:colcon.colcon_core.environment:checking '/home/cporeddy/ros2_ws/install/custom_rviz_plugin/bin'
[36.080s] INFO:colcon.colcon_core.shell:Creating package script '/home/cporeddy/ros2_ws/install/custom_rviz_plugin/share/custom_rviz_plugin/package.ps1'
[36.080s] INFO:colcon.colcon_core.shell:Creating package descriptor '/home/cporeddy/ros2_ws/install/custom_rviz_plugin/share/custom_rviz_plugin/package.dsv'
[36.081s] INFO:colcon.colcon_core.shell:Creating package script '/home/cporeddy/ros2_ws/install/custom_rviz_plugin/share/custom_rviz_plugin/package.sh'
[36.082s] INFO:colcon.colcon_core.shell:Creating package script '/home/cporeddy/ros2_ws/install/custom_rviz_plugin/share/custom_rviz_plugin/package.bash'
[36.083s] INFO:colcon.colcon_core.shell:Creating package script '/home/cporeddy/ros2_ws/install/custom_rviz_plugin/share/custom_rviz_plugin/package.zsh'
[36.083s] Level 1:colcon.colcon_core.environment:create_file_with_runtime_dependencies(/home/cporeddy/ros2_ws/install/custom_rviz_plugin/share/colcon-core/packages/custom_rviz_plugin)
[36.084s] DEBUG:colcon.colcon_parallel_executor.executor.parallel:closing loop
[36.085s] DEBUG:colcon.colcon_parallel_executor.executor.parallel:loop closed
[36.085s] DEBUG:colcon.colcon_parallel_executor.executor.parallel:run_until_complete finished with '0'
[36.085s] DEBUG:colcon.colcon_core.event_reactor:joining thread
[36.285s] INFO:colcon.colcon_core.plugin_system:Skipping extension 'colcon_notification.desktop_notification.notify_send': Could not find 'notify-send'
[36.285s] INFO:colcon.colcon_core.plugin_system:Skipping extension 'colcon_notification.desktop_notification.terminal_notifier': Not used on non-Darwin systems
[36.285s] INFO:colcon.colcon_core.plugin_system:Skipping extension 'colcon_notification.desktop_notification.win32': Not used on non-Windows systems
[36.285s] INFO:colcon.colcon_notification.desktop_notification:Sending desktop notification using 'notify2'
[36.289s] DEBUG:colcon.colcon_notification.desktop_notification.notify2:Failed to initialize notify2: org.freedesktop.DBus.Error.ServiceUnknown: The name org.freedesktop.Notifications was not provided by any .service files
[36.289s] DEBUG:colcon.colcon_core.event_reactor:joined thread
[36.290s] INFO:colcon.colcon_core.shell:Creating prefix script '/home/cporeddy/ros2_ws/install/local_setup.ps1'
[36.292s] INFO:colcon.colcon_core.shell:Creating prefix util module '/home/cporeddy/ros2_ws/install/_local_setup_util_ps1.py'
[36.295s] INFO:colcon.colcon_core.shell:Creating prefix chain script '/home/cporeddy/ros2_ws/install/setup.ps1'
[36.297s] INFO:colcon.colcon_core.shell:Creating prefix script '/home/cporeddy/ros2_ws/install/local_setup.sh'
[36.298s] INFO:colcon.colcon_core.shell:Creating prefix util module '/home/cporeddy/ros2_ws/install/_local_setup_util_sh.py'
[36.299s] INFO:colcon.colcon_core.shell:Creating prefix chain script '/home/cporeddy/ros2_ws/install/setup.sh'
[36.301s] INFO:colcon.colcon_core.shell:Creating prefix script '/home/cporeddy/ros2_ws/install/local_setup.bash'
[36.303s] INFO:colcon.colcon_core.shell:Creating prefix chain script '/home/cporeddy/ros2_ws/install/setup.bash'
[36.305s] INFO:colcon.colcon_core.shell:Creating prefix script '/home/cporeddy/ros2_ws/install/local_setup.zsh'
[36.307s] INFO:colcon.colcon_core.shell:Creating prefix chain script '/home/cporeddy/ros2_ws/install/setup.zsh'
