[0.068s] Invoking command in '/home/test/ros2_ws/build/my_rviz_plugin': /usr/bin/cmake --build /home/test/ros2_ws/build/my_rviz_plugin -- -j4 -l4
[0.485s] [ 25%] [34m[1mAutomatic MOC for target my_rviz_plugin[0m
[0.641s] [ 25%] Built target my_rviz_plugin_autogen
[0.728s] [35m[1mConsolidate compiler generated dependencies of target my_rviz_plugin[0m
[0.914s] [100%] Built target my_rviz_plugin
[1.007s] Invoked command in '/home/test/ros2_ws/build/my_rviz_plugin' returned '0': /usr/bin/cmake --build /home/test/ros2_ws/build/my_rviz_plugin -- -j4 -l4
[1.673s] Invoking command in '/home/test/ros2_ws/build/my_rviz_plugin': /usr/bin/cmake --install /home/test/ros2_ws/build/my_rviz_plugin
[1.725s] -- Install configuration: ""
[1.732s] -- Up-to-date: /home/test/ros2_ws/install/my_rviz_plugin/lib/my_rviz_plugin/libmy_rviz_plugin.so
[1.735s] -- Up-to-date: /home/test/ros2_ws/install/my_rviz_plugin/share/ament_index/resource_index/package_run_dependencies/my_rviz_plugin
[1.736s] -- Up-to-date: /home/test/ros2_ws/install/my_rviz_plugin/share/ament_index/resource_index/parent_prefix_path/my_rviz_plugin
[1.737s] -- Up-to-date: /home/test/ros2_ws/install/my_rviz_plugin/share/my_rviz_plugin/environment/ament_prefix_path.sh
[1.737s] -- Up-to-date: /home/test/ros2_ws/install/my_rviz_plugin/share/my_rviz_plugin/environment/ament_prefix_path.dsv
[1.738s] -- Up-to-date: /home/test/ros2_ws/install/my_rviz_plugin/share/my_rviz_plugin/environment/path.sh
[1.739s] -- Up-to-date: /home/test/ros2_ws/install/my_rviz_plugin/share/my_rviz_plugin/environment/path.dsv
[1.740s] -- Up-to-date: /home/test/ros2_ws/install/my_rviz_plugin/share/my_rviz_plugin/local_setup.bash
[1.741s] -- Up-to-date: /home/test/ros2_ws/install/my_rviz_plugin/share/my_rviz_plugin/local_setup.sh
[1.741s] -- Up-to-date: /home/test/ros2_ws/install/my_rviz_plugin/share/my_rviz_plugin/local_setup.zsh
[1.743s] -- Up-to-date: /home/test/ros2_ws/install/my_rviz_plugin/share/my_rviz_plugin/local_setup.dsv
[1.744s] -- Installing: /home/test/ros2_ws/install/my_rviz_plugin/share/my_rviz_plugin/package.dsv
[1.744s] -- Up-to-date: /home/test/ros2_ws/install/my_rviz_plugin/share/ament_index/resource_index/packages/my_rviz_plugin
[1.746s] -- Up-to-date: /home/test/ros2_ws/install/my_rviz_plugin/share/my_rviz_plugin/cmake/my_rviz_pluginConfig.cmake
[1.746s] -- Up-to-date: /home/test/ros2_ws/install/my_rviz_plugin/share/my_rviz_plugin/cmake/my_rviz_pluginConfig-version.cmake
[1.747s] -- Up-to-date: /home/test/ros2_ws/install/my_rviz_plugin/share/my_rviz_plugin/package.xml
[1.759s] Invoked command in '/home/test/ros2_ws/build/my_rviz_plugin' returned '0': /usr/bin/cmake --install /home/test/ros2_ws/build/my_rviz_plugin
